<?xml version="1.0" encoding="UTF-8"?>
<testng-results ignored="0" total="1" passed="1" failed="0" skipped="0">
  <reporter-output>
  </reporter-output>
  <suite started-at="2023-03-31T20:27:16 IST" name="Command line suite" finished-at="2023-03-31T20:27:16 IST" duration-ms="18">
    <groups>
    </groups>
    <test started-at="2023-03-31T20:27:16 IST" name="Command line test" finished-at="2023-03-31T20:27:16 IST" duration-ms="18">
      <class name="automation.test_authorization_system.AppTest">
        <test-method signature="testApp()[pri:0, instance:testApp(automation.test_authorization_system.AppTest)]" started-at="2023-03-31T20:27:16 IST" name="testApp" finished-at="2023-03-31T20:27:16 IST" duration-ms="2" status="PASS">
          <reporter-output>
          </reporter-output>
        </test-method> <!-- testApp -->
      </class> <!-- automation.test_authorization_system.AppTest -->
    </test> <!-- Command line test -->
  </suite> <!-- Command line suite -->
</testng-results>
