<?xml version="1.0" encoding="UTF-8"?>
<!-- Generated by org.testng.reporters.JUnitReportReporter -->
<testsuite hostname="KRISHNA-LENOVO" failures="0" tests="10" name="cucumberOptions.TestNGTestRunner" time="208.929" errors="1" timestamp="2023-03-31T20:27:16 IST" skipped="0">
  <testcase classname="cucumberOptions.TestNGTestRunner" name="runScenario" time="20.848"/>
  <system-out/>
  <testcase classname="cucumberOptions.TestNGTestRunner" name="runScenario" time="21.115"/>
  <system-out/>
  <testcase classname="cucumberOptions.TestNGTestRunner" name="runScenario" time="20.653"/>
  <system-out/>
  <testcase classname="cucumberOptions.TestNGTestRunner" name="runScenario" time="20.707"/>
  <system-out/>
  <testcase classname="cucumberOptions.TestNGTestRunner" name="runScenario" time="21.100"/>
  <system-out/>
  <testcase classname="cucumberOptions.TestNGTestRunner" name="runScenario" time="21.023"/>
  <system-out/>
  <testcase classname="cucumberOptions.TestNGTestRunner" name="runScenario" time="20.852">
    <error message="The user detail added to authorization system." type="junit.framework.AssertionFailedError">
      <![CDATA[junit.framework.AssertionFailedError: The user detail added to authorization system.
at junit.framework.Assert.fail(Assert.java:47)
at junit.framework.Assert.assertTrue(Assert.java:20)
at junit.framework.Assert.assertFalse(Assert.java:34)
at stepDefinition.EmptyUserValidation.userdetails_should_not_added_to_the_authorization_system(EmptyUserValidation.java:39)
at ✽.userdetails should not added to the authorization system(file:///C:/Users/manju/eclipse-workspace/test-authorization-system/src/test/java/features/emptyUserValidation.feature:10)
]]>
    </error>
  </testcase> <!-- runScenario -->
  <system-out/>
  <testcase classname="cucumberOptions.TestNGTestRunner" name="runScenario" time="21.054"/>
  <system-out/>
  <testcase classname="cucumberOptions.TestNGTestRunner" name="runScenario" time="20.725"/>
  <system-out/>
  <testcase classname="cucumberOptions.TestNGTestRunner" name="runScenario" time="20.852"/>
  <system-out/>
</testsuite> <!-- cucumberOptions.TestNGTestRunner -->
