<?xml version="1.0" encoding="UTF-8" ?>
<testsuite tests="11" failures="1" name="TestSuite" time="230.948" errors="0" skipped="0">
  <properties>
[...]
</properties>
  <testcase classname="cucumberOptions.TestNGTestRunner" name="runScenario" time="20.656"/>
  <testcase classname="cucumberOptions.TestNGTestRunner" name="runScenario" time="20.705"/>
  <testcase classname="cucumberOptions.TestNGTestRunner" name="runScenario" time="20.722"/>
  <testcase classname="cucumberOptions.TestNGTestRunner" name="runScenario" time="20.848"/>
  <testcase classname="cucumberOptions.TestNGTestRunner" name="runScenario" time="20.852"/>
  <testcase classname="cucumberOptions.TestNGTestRunner" name="runScenario" time="20.856">
    <failure message="The user detail added to authorization system." type="junit.framework.AssertionFailedError">junit.framework.AssertionFailedError: The user detail added to authorization system.
	at junit.framework.Assert.fail(Assert.java:47)
	at junit.framework.Assert.assertTrue(Assert.java:20)
	at junit.framework.Assert.assertFalse(Assert.java:34)
	at stepDefinition.EmptyUserValidation.userdetails_should_not_added_to_the_authorization_system(EmptyUserValidation.java:39)
	at ✽.userdetails should not added to the authorization system(file:///C:/Users/manju/eclipse-workspace/test-authorization-system/src/test/java/features/emptyUserValidation.feature:10)
</failure>
  </testcase>
  <testcase classname="cucumberOptions.TestNGTestRunner" name="runScenario" time="21.02"/>
  <testcase classname="cucumberOptions.TestNGTestRunner" name="runScenario" time="21.052"/>
  <testcase classname="cucumberOptions.TestNGTestRunner" name="runScenario" time="21.098"/>
  <testcase classname="cucumberOptions.TestNGTestRunner" name="runScenario" time="21.114"/>
  <testcase classname="automation.test_authorization_system.AppTest" name="testApp on testApp(automation.test_authorization_system.AppTest)" time="22.025"/>
</testsuite>