<?xml version="1.0" encoding="UTF-8"?>
<testng-results ignored="0" total="10" passed="10" failed="0" skipped="0">
  <reporter-output>
  </reporter-output>
  <suite started-at="2023-04-01T20:05:51 IST" name="Default suite" finished-at="2023-04-01T20:06:19 IST" duration-ms="27300">
    <groups>
      <group name="cucumber">
        <method signature="AbstractTestNGCucumberTests.runScenario(io.cucumber.testng.PickleWrapper,io.cucumber.testng.FeatureWrapper)[pri:0, instance:cucumberOptions.TestNGTestRunner@d35dea7]" name="runScenario" class="io.cucumber.testng.AbstractTestNGCucumberTests"/>
      </group> <!-- cucumber -->
    </groups>
    <test started-at="2023-04-01T20:05:51 IST" name="Default test" finished-at="2023-04-01T20:06:19 IST" duration-ms="27300">
      <class name="cucumberOptions.TestNGTestRunner">
        <test-method is-config="true" signature="setUpClass(org.testng.ITestContext)[pri:0, instance:cucumberOptions.TestNGTestRunner@d35dea7]" started-at="2023-04-01T20:05:51 IST" name="setUpClass" finished-at="2023-04-01T20:05:53 IST" duration-ms="1526" status="PASS">
          <params>
            <param index="0">
              <value>
                <![CDATA[org.testng.TestRunner@220be130]]>
              </value>
            </param>
          </params>
          <reporter-output>
          </reporter-output>
        </test-method> <!-- setUpClass -->
        <test-method signature="runScenario(io.cucumber.testng.PickleWrapper,io.cucumber.testng.FeatureWrapper)[pri:0, instance:cucumberOptions.TestNGTestRunner@d35dea7]" started-at="2023-04-01T20:05:53 IST" name="runScenario" description="Runs Cucumber Scenarios" data-provider="scenarios" finished-at="2023-04-01T20:05:59 IST" duration-ms="6268" status="PASS">
          <params>
            <param index="0">
              <value>
                <![CDATA["Adding valid users to the Authorization system"]]>
              </value>
            </param>
            <param index="1">
              <value>
                <![CDATA["As a system administrator I want to be able to add new user to a authorization system"]]>
              </value>
            </param>
          </params>
          <reporter-output>
          </reporter-output>
        </test-method> <!-- runScenario -->
        <test-method signature="runScenario(io.cucumber.testng.PickleWrapper,io.cucumber.testng.FeatureWrapper)[pri:0, instance:cucumberOptions.TestNGTestRunner@d35dea7]" started-at="2023-04-01T20:05:59 IST" name="runScenario" description="Runs Cucumber Scenarios" data-provider="scenarios" finished-at="2023-04-01T20:06:01 IST" duration-ms="2201" status="PASS">
          <params>
            <param index="0">
              <value>
                <![CDATA["Adding valid users to the Authorization system"]]>
              </value>
            </param>
            <param index="1">
              <value>
                <![CDATA["As a system administrator I want to be able to add new user to a authorization system"]]>
              </value>
            </param>
          </params>
          <reporter-output>
          </reporter-output>
        </test-method> <!-- runScenario -->
        <test-method signature="runScenario(io.cucumber.testng.PickleWrapper,io.cucumber.testng.FeatureWrapper)[pri:0, instance:cucumberOptions.TestNGTestRunner@d35dea7]" started-at="2023-04-01T20:06:01 IST" name="runScenario" description="Runs Cucumber Scenarios" data-provider="scenarios" finished-at="2023-04-01T20:06:04 IST" duration-ms="2237" status="PASS">
          <params>
            <param index="0">
              <value>
                <![CDATA["Adding valid users to the Authorization system"]]>
              </value>
            </param>
            <param index="1">
              <value>
                <![CDATA["As a system administrator I want to be able to add new user to a authorization system"]]>
              </value>
            </param>
          </params>
          <reporter-output>
          </reporter-output>
        </test-method> <!-- runScenario -->
        <test-method signature="runScenario(io.cucumber.testng.PickleWrapper,io.cucumber.testng.FeatureWrapper)[pri:0, instance:cucumberOptions.TestNGTestRunner@d35dea7]" started-at="2023-04-01T20:06:04 IST" name="runScenario" description="Runs Cucumber Scenarios" data-provider="scenarios" finished-at="2023-04-01T20:06:05 IST" duration-ms="1907" status="PASS">
          <params>
            <param index="0">
              <value>
                <![CDATA["Validation by sending fullName as Blank"]]>
              </value>
            </param>
            <param index="1">
              <value>
                <![CDATA["As a system administrator I want to disallow users with empty username, name or password"]]>
              </value>
            </param>
          </params>
          <reporter-output>
          </reporter-output>
        </test-method> <!-- runScenario -->
        <test-method signature="runScenario(io.cucumber.testng.PickleWrapper,io.cucumber.testng.FeatureWrapper)[pri:0, instance:cucumberOptions.TestNGTestRunner@d35dea7]" started-at="2023-04-01T20:06:05 IST" name="runScenario" description="Runs Cucumber Scenarios" data-provider="scenarios" finished-at="2023-04-01T20:06:07 IST" duration-ms="1850" status="PASS">
          <params>
            <param index="0">
              <value>
                <![CDATA["Validation by sending Password as Blank"]]>
              </value>
            </param>
            <param index="1">
              <value>
                <![CDATA["As a system administrator I want to disallow users with empty username, name or password"]]>
              </value>
            </param>
          </params>
          <reporter-output>
          </reporter-output>
        </test-method> <!-- runScenario -->
        <test-method signature="runScenario(io.cucumber.testng.PickleWrapper,io.cucumber.testng.FeatureWrapper)[pri:0, instance:cucumberOptions.TestNGTestRunner@d35dea7]" started-at="2023-04-01T20:06:07 IST" name="runScenario" description="Runs Cucumber Scenarios" data-provider="scenarios" finished-at="2023-04-01T20:06:09 IST" duration-ms="2036" status="PASS">
          <params>
            <param index="0">
              <value>
                <![CDATA["Validation by sending username as Blank"]]>
              </value>
            </param>
            <param index="1">
              <value>
                <![CDATA["As a system administrator I want to disallow users with empty username, name or password"]]>
              </value>
            </param>
          </params>
          <reporter-output>
          </reporter-output>
        </test-method> <!-- runScenario -->
        <test-method signature="runScenario(io.cucumber.testng.PickleWrapper,io.cucumber.testng.FeatureWrapper)[pri:0, instance:cucumberOptions.TestNGTestRunner@d35dea7]" started-at="2023-04-01T20:06:09 IST" name="runScenario" description="Runs Cucumber Scenarios" data-provider="scenarios" finished-at="2023-04-01T20:06:12 IST" duration-ms="2168" status="PASS">
          <params>
            <param index="0">
              <value>
                <![CDATA["Validating users with empty username, name or password"]]>
              </value>
            </param>
            <param index="1">
              <value>
                <![CDATA["As a system administrator I want to disallow users with empty username, name or password"]]>
              </value>
            </param>
          </params>
          <reporter-output>
          </reporter-output>
        </test-method> <!-- runScenario -->
        <test-method signature="runScenario(io.cucumber.testng.PickleWrapper,io.cucumber.testng.FeatureWrapper)[pri:0, instance:cucumberOptions.TestNGTestRunner@d35dea7]" started-at="2023-04-01T20:06:12 IST" name="runScenario" description="Runs Cucumber Scenarios" data-provider="scenarios" finished-at="2023-04-01T20:06:14 IST" duration-ms="2135" status="PASS">
          <params>
            <param index="0">
              <value>
                <![CDATA["Validating users with empty username, name or password"]]>
              </value>
            </param>
            <param index="1">
              <value>
                <![CDATA["As a system administrator I want to disallow users with empty username, name or password"]]>
              </value>
            </param>
          </params>
          <reporter-output>
          </reporter-output>
        </test-method> <!-- runScenario -->
        <test-method signature="runScenario(io.cucumber.testng.PickleWrapper,io.cucumber.testng.FeatureWrapper)[pri:0, instance:cucumberOptions.TestNGTestRunner@d35dea7]" started-at="2023-04-01T20:06:14 IST" name="runScenario" description="Runs Cucumber Scenarios" data-provider="scenarios" finished-at="2023-04-01T20:06:16 IST" duration-ms="1978" status="PASS">
          <params>
            <param index="0">
              <value>
                <![CDATA["Validating users with empty username, name or password"]]>
              </value>
            </param>
            <param index="1">
              <value>
                <![CDATA["As a system administrator I want to disallow users with empty username, name or password"]]>
              </value>
            </param>
          </params>
          <reporter-output>
          </reporter-output>
        </test-method> <!-- runScenario -->
        <test-method signature="runScenario(io.cucumber.testng.PickleWrapper,io.cucumber.testng.FeatureWrapper)[pri:0, instance:cucumberOptions.TestNGTestRunner@d35dea7]" started-at="2023-04-01T20:06:16 IST" name="runScenario" description="Runs Cucumber Scenarios" data-provider="scenarios" finished-at="2023-04-01T20:06:18 IST" duration-ms="2162" status="PASS">
          <params>
            <param index="0">
              <value>
                <![CDATA["Validating users with empty username, name or password"]]>
              </value>
            </param>
            <param index="1">
              <value>
                <![CDATA["As a system administrator I want to disallow users with empty username, name or password"]]>
              </value>
            </param>
          </params>
          <reporter-output>
          </reporter-output>
        </test-method> <!-- runScenario -->
        <test-method is-config="true" signature="tearDownClass()[pri:0, instance:cucumberOptions.TestNGTestRunner@d35dea7]" started-at="2023-04-01T20:06:18 IST" name="tearDownClass" finished-at="2023-04-01T20:06:19 IST" duration-ms="738" status="PASS">
          <reporter-output>
          </reporter-output>
        </test-method> <!-- tearDownClass -->
      </class> <!-- cucumberOptions.TestNGTestRunner -->
    </test> <!-- Default test -->
  </suite> <!-- Default suite -->
</testng-results>
